2024-02-23T11:40:54.473Z [info]: Incoming POST : /register
2024-02-23T11:41:05.045Z [info]: Incoming POST : /account/register
2024-02-23T11:41:05.504Z [error]: Pass options.removeUndefinedValues=true to remove undefined values from map/array/set.
2024-02-23T11:41:20.764Z [info]: Incoming POST : /account/register
2024-02-23T11:41:20.865Z [error]: Pass options.removeUndefinedValues=true to remove undefined values from map/array/set.
2024-02-23T11:41:32.455Z [info]: Incoming POST : /account/login
2024-02-23T11:41:32.554Z [error]: Pass options.removeUndefinedValues=true to remove undefined values from map/array/set.
2024-02-23T11:41:53.801Z [info]: Incoming POST : /account/register
2024-02-23T11:41:53.901Z [error]: Pass options.removeUndefinedValues=true to remove undefined values from map/array/set.
2024-02-23T11:43:52.200Z [info]: Incoming POST : /account/register
2024-02-23T11:43:52.632Z [error]: Pass options.removeUndefinedValues=true to remove undefined values from map/array/set.
2024-02-23T11:43:58.830Z [info]: Incoming POST : /account/register
2024-02-23T11:43:59.376Z [error]: Cannot read properties of undefined (reading 'name')
2024-02-23T11:43:59.378Z [error]: Pass options.removeUndefinedValues=true to remove undefined values from map/array/set.
2024-02-23T11:44:53.148Z [info]: Incoming POST : /account/register
2024-02-23T11:44:53.618Z [error]: Cannot read properties of undefined (reading 'username')
2024-02-23T11:44:53.619Z [error]: Pass options.removeUndefinedValues=true to remove undefined values from map/array/set.
2024-02-23T11:46:22.298Z [info]: Incoming POST : /account/register
2024-02-23T11:46:22.795Z [error]: Pass options.removeUndefinedValues=true to remove undefined values from map/array/set.
2024-02-23T11:46:27.694Z [info]: Incoming POST : /account/register
2024-02-23T11:46:27.798Z [error]: Pass options.removeUndefinedValues=true to remove undefined values from map/array/set.
2024-02-23T11:47:00.314Z [info]: Incoming POST : /account/register
2024-02-23T11:47:00.915Z [error]: One or more parameter values were invalid: Type mismatch for key username expected: S actual: M
2024-02-23T11:48:30.397Z [info]: Incoming POST : /account/register
2024-02-23T11:48:30.964Z [error]: One or more parameter values were invalid: Type mismatch for key username expected: S actual: M
2024-02-23T11:49:49.808Z [info]: Incoming POST : /account/register
2024-02-23T11:49:50.289Z [error]: One or more parameter values were invalid: Type mismatch for key username expected: S actual: M
2024-02-23T11:52:35.423Z [info]: Incoming POST : /account/register
2024-02-23T11:52:35.933Z [error]: [object Object]
2024-02-23T11:52:46.375Z [info]: Incoming POST : /account/login
2024-02-23T11:52:46.579Z [error]: One or more parameter values were invalid: Type mismatch for key username expected: S actual: M
2024-02-23T11:52:58.996Z [info]: Incoming POST : /account/register
2024-02-23T11:52:59.135Z [error]: [object Object]
2024-02-23T11:53:02.234Z [info]: Incoming POST : /account/register
2024-02-23T11:53:02.330Z [error]: [object Object]
2024-02-23T11:53:52.997Z [info]: Incoming POST : /account/register
2024-02-23T11:53:59.915Z [info]: Incoming POST : /account/register
2024-02-23T11:54:00.051Z [error]: [object Object]
2024-02-23T11:55:42.656Z [info]: Incoming POST : /account/register
2024-02-23T11:55:43.029Z [error]: Username already exists
2024-02-23T15:14:16.415Z [info]: Incoming POST : /register
2024-02-23T15:14:26.726Z [info]: Incoming POST : /account/register
2024-02-23T15:14:45.727Z [info]: Incoming POST : /account/register
2024-02-23T15:14:55.648Z [info]: Incoming POST : /account/register
2024-02-23T15:14:56.126Z [error]: Username already exists
2024-02-23T16:48:41.567Z [info]: Incoming POST : /account/register
2024-02-23T16:48:41.971Z [error]: Username already exists
2024-02-23T16:48:50.529Z [info]: Incoming POST : /account/login
2024-02-23T16:53:15.001Z [info]: Incoming POST : /account/login
2024-02-23T16:53:15.507Z [error]: Cannot read properties of undefined (reading 'username')
2024-02-23T16:54:41.070Z [info]: Incoming POST : /account/login
2024-02-23T16:54:55.276Z [info]: Incoming POST : /account/login
2024-02-23T16:54:55.387Z [error]: Cannot read properties of undefined (reading 'username')
2024-02-23T16:55:00.940Z [info]: Incoming POST : /account/login
2024-02-23T16:55:01.041Z [error]: Cannot read properties of undefined (reading 'username')
2024-02-23T16:55:16.245Z [info]: Incoming POST : /account/login
2024-02-26T15:04:03.188Z [info]: Incoming POST : /account/register
2024-02-26T15:06:02.172Z [info]: Incoming POST : /account/register
2024-02-26T15:06:02.584Z [error]: Username already exists
2024-02-26T15:06:19.155Z [info]: Incoming POST : /login
2024-02-26T15:06:44.882Z [info]: Incoming POST : /account/login
2024-02-26T15:11:43.392Z [info]: Incoming POST : /account/register
2024-02-26T15:11:43.768Z [error]: Username already exists
2024-02-26T15:11:50.269Z [info]: Incoming POST : /account/register
2024-02-26T15:13:05.137Z [info]: Incoming POST : /account/register
2024-02-26T15:13:05.530Z [error]: Username already exists
2024-02-26T15:13:12.507Z [info]: Incoming POST : /account/register
2024-02-26T15:13:20.659Z [info]: Incoming POST : /account/login
2024-02-26T15:13:26.184Z [info]: Incoming POST : /account/login
2024-02-26T15:13:26.283Z [error]: Cannot read properties of undefined (reading 'username')
2024-02-26T15:17:32.455Z [info]: Incoming POST : /account/register
2024-02-26T15:17:47.553Z [info]: Incoming POST : /account/login
2024-02-26T15:18:34.609Z [info]: Incoming POST : /account/register
2024-02-26T15:18:42.574Z [info]: Incoming POST : /account/login
2024-02-26T15:21:11.655Z [info]: Incoming POST : /account/login
2024-02-26T15:21:28.464Z [info]: Incoming POST : /account/register
2024-02-26T15:21:38.382Z [info]: Incoming POST : /account/login
2024-02-26T15:25:40.891Z [info]: Incoming POST : /account/login
2024-02-26T15:26:00.624Z [info]: Incoming POST : /account/login
2024-02-26T15:27:51.043Z [info]: Incoming POST : /account/register
2024-02-26T15:28:04.037Z [info]: Incoming POST : /account/login
2024-02-26T15:28:41.408Z [info]: Incoming POST : /account/register
2024-02-26T15:28:58.122Z [info]: Incoming POST : /account/login
2024-02-26T15:29:39.863Z [info]: Incoming POST : /account/register
2024-02-26T15:32:10.342Z [info]: Incoming POST : /account/register
2024-02-26T15:33:54.042Z [info]: Incoming POST : /account/register
2024-02-26T15:34:31.281Z [info]: Incoming POST : /account/register
2024-02-26T15:35:24.305Z [info]: Incoming POST : /account/register
2024-02-26T15:35:49.414Z [info]: Incoming POST : /account/register
2024-02-26T15:37:06.365Z [info]: Incoming POST : /account/register
2024-02-26T15:37:39.338Z [info]: Incoming POST : /account/register
2024-02-26T15:38:01.355Z [info]: Incoming POST : /account/register
2024-02-26T15:38:17.805Z [info]: Incoming POST : /account/register
2024-02-26T15:39:38.420Z [info]: Incoming POST : /account/register
2024-02-26T15:39:38.803Z [error]: Username already exists
2024-02-26T15:39:58.686Z [info]: Incoming POST : /account/register
2024-02-26T15:40:21.250Z [info]: Incoming POST : /account/register
2024-02-26T15:40:21.668Z [error]: Username already exists
2024-02-26T15:40:28.501Z [info]: Incoming POST : /account/register
2024-02-26T15:41:01.071Z [info]: Incoming POST : /account/register
2024-02-26T15:42:08.713Z [info]: Incoming POST : /account/register
2024-02-26T15:42:36.766Z [info]: Incoming POST : /account/register
2024-02-26T15:43:16.727Z [info]: Incoming POST : /account/register
2024-02-26T15:44:27.063Z [info]: Incoming POST : /account/register
2024-02-26T15:45:15.867Z [info]: Incoming POST : /account/login
2024-02-26T15:45:28.742Z [info]: Incoming POST : /account/login
2024-02-26T15:45:28.844Z [error]: Cannot read properties of undefined (reading 'username')
2024-02-26T15:45:57.411Z [info]: Incoming POST : /account/login
2024-02-26T15:45:57.505Z [error]: Cannot read properties of undefined (reading 'username')
2024-02-26T15:46:13.018Z [info]: Incoming POST : /account/login
2024-02-26T15:46:13.113Z [error]: Cannot read properties of undefined (reading 'username')
2024-02-26T15:46:20.943Z [info]: Incoming POST : /account/login
2024-02-26T15:47:25.916Z [info]: Incoming POST : /account/login
2024-02-29T18:57:30.496Z [info]: Incoming POST : /account/register
2024-02-29T18:57:30.942Z [error]: Username already exists
2024-02-29T18:57:47.784Z [info]: Incoming POST : /account/register
2024-02-29T19:01:36.043Z [info]: Incoming POST : /account/register
2024-02-29T19:01:36.435Z [error]: Username already exists
2024-02-29T19:02:07.442Z [info]: Incoming POST : /account/register
2024-02-29T19:02:07.689Z [error]: Unsupported type passed: ()=>{
        if(body.role){
            return body.role
        }else return "Employee"
    }. Pass options.convertClassInstanceToMap=true to marshall typeof object as map attribute.
2024-02-29T19:05:02.080Z [info]: Incoming POST : /account/register
2024-02-29T19:05:02.454Z [error]: Unsupported type passed: ()=>{return "Employee"}. Pass options.convertClassInstanceToMap=true to marshall typeof object as map attribute.
2024-02-29T19:06:10.018Z [info]: Incoming POST : /account/register
2024-02-29T19:06:10.409Z [error]: Unsupported type passed: ()=>{return "Employee"}. Pass options.convertClassInstanceToMap=true to marshall typeof object as map attribute.
2024-02-29T19:09:41.204Z [info]: Incoming POST : /account/register
2024-02-29T19:09:41.586Z [error]: Unsupported type passed: () =>{return "Employee"}. Pass options.convertClassInstanceToMap=true to marshall typeof object as map attribute.
2024-02-29T19:11:23.895Z [info]: Incoming POST : /account/register
2024-02-29T19:11:57.760Z [info]: Incoming POST : /account/login
2024-02-29T19:12:28.258Z [info]: Incoming POST : /account/register
2024-02-29T19:12:50.178Z [info]: Incoming POST : /account/login
2024-02-29T19:17:21.170Z [info]: Incoming POST : /account/register
2024-02-29T19:17:30.868Z [info]: Incoming POST : /account/login
2024-02-29T19:17:47.589Z [info]: Incoming POST : /account/register
2024-02-29T19:17:56.268Z [info]: Incoming POST : /account/login
2024-02-29T19:31:08.500Z [info]: Incoming POST : /account/register
2024-02-29T19:31:53.289Z [info]: Incoming POST : /account/login
2024-02-29T19:52:01.236Z [info]: Incoming POST : /account/register
2024-02-29T19:52:09.934Z [info]: Incoming POST : /account/login
2024-02-29T19:52:24.226Z [info]: Incoming POST : /account/login
2024-02-29T19:52:29.028Z [info]: Incoming POST : /account/login
2024-02-29T19:52:58.855Z [info]: Incoming POST : /account/login
2024-02-29T20:01:44.644Z [info]: Incoming POST : /account/login
2024-02-29T20:01:44.974Z [error]: Cannot read properties of undefined (reading 'username')
2024-02-29T20:01:55.331Z [info]: Incoming POST : /account/login
2024-02-29T20:01:55.701Z [error]: Cannot read properties of undefined (reading 'username')
2024-02-29T20:02:18.096Z [info]: Incoming POST : /account/login
2024-02-29T20:05:52.094Z [info]: Incoming POST : /account/login
2024-02-29T20:05:56.577Z [info]: Incoming POST : /account/login
2024-02-29T20:05:56.677Z [error]: Cannot read properties of undefined (reading 'username')
2024-02-29T20:06:07.040Z [info]: Incoming POST : /account/login
2024-02-29T20:06:12.190Z [info]: Incoming POST : /account/login
2024-02-29T20:06:15.313Z [info]: Incoming POST : /account/login
2024-02-29T20:14:24.431Z [info]: Incoming POST : /tickets/submit
2024-02-29T20:15:06.085Z [info]: Incoming GET : /tickets
2024-02-29T20:15:16.790Z [info]: Incoming GET : /tickets
2024-02-29T20:17:43.041Z [info]: Incoming GET : /tickets
2024-02-29T20:19:40.695Z [info]: Incoming GET : /tickets
2024-02-29T20:20:26.728Z [info]: Incoming GET : /tickets
2024-02-29T20:21:10.286Z [info]: Incoming GET : /tickets
2024-02-29T20:41:29.289Z [info]: Incoming GET : /tickets
2024-02-29T20:41:33.830Z [info]: Incoming POST : /account/login
2024-02-29T20:42:00.454Z [info]: Incoming GET : /tickets
2024-02-29T20:42:27.152Z [info]: Incoming GET : /tickets
2024-02-29T20:44:12.622Z [info]: Incoming GET : /tickets
2024-02-29T20:44:57.105Z [info]: Incoming GET : /tickets
2024-02-29T20:51:40.305Z [info]: Incoming GET : /tickets
2024-02-29T20:51:47.128Z [info]: Incoming GET : /tickets
2024-02-29T20:51:50.823Z [info]: Incoming POST : /account/login
2024-02-29T20:52:02.068Z [info]: Incoming GET : /tickets
2024-03-01T04:18:07.317Z [info]: Incoming POST : /account/login
2024-03-01T05:45:54.682Z [info]: Incoming POST : /account/register
2024-03-01T05:45:55.066Z [error]: One or more parameter values are not valid. The AttributeValue for a key attribute cannot contain an empty string value. Key: username
2024-03-01T05:45:55.172Z [error]: One or more parameter values are not valid. The AttributeValue for a key attribute cannot contain an empty string value. Key: username
2024-03-01T05:46:06.377Z [info]: Incoming POST : /account/register
2024-03-01T05:46:06.474Z [error]: Username already exists
2024-03-01T05:51:29.111Z [info]: Incoming POST : /account/register
2024-03-01T05:51:34.315Z [info]: Incoming POST : /account/register
2024-03-01T05:51:34.701Z [error]: Username already exists
2024-03-01T05:51:46.949Z [info]: Incoming POST : /account/register
2024-03-01T05:57:06.833Z [info]: Incoming POST : /tickets/submit
2024-03-01T05:57:25.273Z [info]: Incoming POST : /tickets
2024-03-01T05:57:31.127Z [info]: Incoming POST : /account/login
2024-03-01T05:57:49.036Z [info]: Incoming POST : /tickets
2024-03-01T05:58:11.028Z [info]: Incoming POST : /tickets
2024-03-01T05:58:34.469Z [info]: Incoming POST : /tickets
2024-03-01T05:58:41.186Z [info]: Incoming POST : /tickets
2024-03-01T05:58:44.748Z [info]: Incoming POST : /tickets
2024-03-01T05:59:11.899Z [info]: Incoming POST : /tickets
2024-03-01T05:59:51.549Z [info]: Incoming POST : /tickets
2024-03-01T06:00:01.955Z [info]: Incoming POST : /tickets
2024-03-01T06:04:30.172Z [info]: Incoming POST : /tickets
2024-03-01T06:04:34.412Z [info]: Incoming POST : /tickets
2024-03-01T06:04:40.651Z [info]: Incoming POST : /tickets
2024-03-01T06:04:48.148Z [info]: Incoming POST : /tickets
2024-03-01T06:04:52.354Z [info]: Incoming POST : /tickets
2024-03-01T06:05:06.398Z [info]: Incoming POST : /tickets
2024-03-01T06:23:27.118Z [info]: Incoming POST : /tickets
2024-03-01T06:23:31.792Z [info]: Incoming POST : /account/login
2024-03-01T06:23:46.870Z [info]: Incoming POST : /tickets
2024-03-01T06:24:05.797Z [info]: Incoming POST : /tickets
2024-03-01T06:25:05.334Z [info]: Incoming POST : /tickets
2024-03-01T06:25:40.144Z [info]: Incoming POST : /tickets
2024-03-01T06:27:14.552Z [info]: Incoming POST : /tickets
2024-03-01T06:27:31.572Z [info]: Incoming POST : /tickets
2024-03-01T06:27:36.392Z [info]: Incoming POST : /tickets
2024-03-01T06:27:39.907Z [info]: Incoming POST : /tickets
2024-03-01T06:28:36.444Z [info]: Incoming POST : /tickets
2024-03-01T06:29:04.120Z [info]: Incoming POST : /tickets
2024-03-01T06:41:04.765Z [info]: Incoming POST : /tickets
2024-03-01T06:41:08.735Z [info]: Incoming POST : /account/login
2024-03-01T06:41:24.999Z [info]: Incoming POST : /tickets
2024-03-01T06:41:30.755Z [info]: Incoming POST : /tickets
2024-03-01T06:41:37.554Z [info]: Incoming POST : /tickets
2024-03-01T06:42:11.828Z [info]: Incoming POST : /tickets
2024-03-01T06:42:45.554Z [info]: Incoming POST : /tickets
2024-03-01T06:43:56.187Z [info]: Incoming POST : /tickets
2024-03-01T06:44:10.554Z [info]: Incoming POST : /tickets
2024-03-01T06:44:24.432Z [info]: Incoming POST : /tickets
2024-03-01T06:44:44.114Z [info]: Incoming POST : /tickets
2024-03-01T06:45:03.594Z [info]: Incoming POST : /tickets
2024-03-01T06:45:27.909Z [info]: Incoming POST : /tickets
2024-03-01T06:47:53.165Z [info]: Incoming POST : /tickets
2024-03-01T06:57:16.039Z [info]: Incoming POST : /tickets
2024-03-01T06:57:20.331Z [info]: Incoming POST : /account/login
2024-03-01T06:57:36.507Z [info]: Incoming POST : /tickets
2024-03-01T07:00:38.981Z [info]: Incoming POST : /tickets
2024-03-01T07:01:08.823Z [info]: Incoming POST : /tickets
2024-03-01T07:01:26.922Z [info]: Incoming POST : /tickets
2024-03-01T07:02:56.998Z [info]: Incoming POST : /tickets
2024-03-01T07:03:59.752Z [info]: Incoming POST : /tickets
2024-03-01T07:05:16.902Z [info]: Incoming POST : /tickets
2024-03-01T07:05:27.664Z [info]: Incoming POST : /tickets
2024-03-01T07:06:11.774Z [info]: Incoming POST : /tickets
2024-03-01T07:06:43.300Z [info]: Incoming POST : /tickets
2024-03-01T07:07:13.755Z [info]: Incoming POST : /tickets
2024-03-01T07:07:54.018Z [info]: Incoming POST : /tickets
2024-03-01T07:12:53.081Z [info]: Incoming POST : /tickets
2024-03-01T07:12:56.539Z [info]: Incoming POST : /account/login
2024-03-01T07:13:08.427Z [info]: Incoming POST : /tickets
2024-03-01T07:15:22.641Z [info]: Incoming POST : /tickets
2024-03-01T07:17:05.523Z [info]: Incoming POST : /tickets
2024-03-01T07:17:56.021Z [info]: Incoming POST : /tickets
2024-03-01T07:19:00.529Z [info]: Incoming POST : /tickets
2024-03-01T07:19:41.455Z [info]: Incoming POST : /tickets
2024-03-01T07:20:25.504Z [info]: Incoming POST : /tickets
2024-03-01T07:21:46.963Z [info]: Incoming POST : /tickets
2024-03-01T07:22:11.581Z [info]: Incoming POST : /tickets
2024-03-01T07:22:36.994Z [info]: Incoming POST : /tickets
2024-03-01T07:23:59.223Z [info]: Incoming POST : /tickets
2024-03-01T07:25:31.821Z [info]: Incoming POST : /tickets
2024-03-01T07:25:59.199Z [info]: Incoming POST : /tickets
2024-03-01T07:26:16.572Z [info]: Incoming POST : /tickets
2024-03-01T07:28:06.705Z [info]: Incoming POST : /tickets
2024-03-01T07:28:09.443Z [info]: Incoming POST : /account/login
2024-03-01T07:28:13.307Z [info]: Incoming POST : /account/register
2024-03-01T07:28:13.408Z [error]: Username already exists
2024-03-01T07:28:20.956Z [info]: Incoming POST : /account/register
2024-03-01T07:29:08.186Z [info]: Incoming POST : /account/register
2024-03-01T07:29:13.869Z [info]: Incoming POST : /account/register
2024-03-01T07:29:14.312Z [error]: Username already exists
2024-03-01T07:29:19.743Z [info]: Incoming POST : /account/register
2024-03-01T07:31:27.822Z [info]: Incoming POST : /tickets
2024-03-01T07:31:30.561Z [info]: Incoming POST : /account/login
2024-03-01T07:31:39.357Z [info]: Incoming POST : /tickets
2024-03-01T07:32:48.323Z [info]: Incoming POST : /tickets
2024-03-01T07:41:17.146Z [info]: Incoming POST : /tickets
2024-03-01T07:43:26.643Z [info]: Incoming POST : /tickets
2024-03-01T07:45:03.125Z [info]: Incoming POST : /tickets
2024-03-01T07:45:17.250Z [info]: Incoming POST : /tickets
2024-03-01T07:46:41.982Z [info]: Incoming POST : /tickets
2024-03-01T07:46:46.213Z [info]: Incoming POST : /account/login
2024-03-01T07:46:55.761Z [info]: Incoming POST : /tickets
2024-03-01T07:48:04.560Z [info]: Incoming POST : /tickets
2024-03-01T07:48:35.075Z [info]: Incoming POST : /tickets
2024-03-01T07:49:52.697Z [info]: Incoming POST : /tickets
2024-03-01T07:51:25.547Z [info]: Incoming POST : /tickets
2024-03-01T07:51:25.926Z [error]: One or more parameter values were invalid: Type mismatch for key ticket_id expected: N actual: S
2024-03-01T07:54:20.148Z [info]: Incoming POST : /tickets
2024-03-01T07:55:40.921Z [info]: Incoming POST : /tickets
2024-03-01T07:58:38.612Z [info]: Incoming GET : /tickets
2024-03-01T07:58:42.888Z [info]: Incoming POST : /tickets
2024-03-01T07:58:45.752Z [info]: Incoming GET : /tickets
2024-03-01T07:59:02.301Z [info]: Incoming GET : /tickets
2024-03-01T08:02:07.800Z [info]: Incoming POST : /tickets
2024-03-01T08:02:10.617Z [info]: Incoming POST : /account/login
2024-03-01T08:02:18.571Z [info]: Incoming POST : /tickets
2024-03-01T08:44:18.436Z [info]: Incoming PUT : /tickets
2024-03-01T08:44:34.240Z [info]: Incoming PUT : /tickets/2
2024-03-01T08:44:40.405Z [info]: Incoming POST : /account/login
2024-03-01T08:44:55.628Z [info]: Incoming PUT : /tickets/2
2024-03-01T08:45:13.792Z [info]: Incoming PUT : /tickets/2
2024-03-01T08:46:11.288Z [info]: Incoming PUT : /tickets/2
2024-03-01T08:46:21.023Z [info]: Incoming PUT : /tickets
2024-03-01T08:47:22.385Z [info]: Incoming PUT : /tickets/2
2024-03-01T08:47:47.496Z [info]: Incoming PUT : /tickets/b62e539c-7c37-4dce-b70d-c6ba0a7885a1
2024-03-01T08:51:34.236Z [info]: Incoming PUT : /tickets/b62e539c-7c37-4dce-b70d-c6ba0a7885a1
2024-03-01T08:53:13.449Z [info]: Incoming PUT : /tickets/b62e539c-7c37-4dce-b70d-c6ba0a7885a1
2024-03-01T08:54:11.879Z [info]: Incoming PUT : /tickets/b62e539c-7c37-4dce-b70d-c6ba0a7885a1
2024-03-01T08:54:41.695Z [info]: Incoming PUT : /tickets/b62e539c-7c37-4dce-b70d-c6ba0a7885a1
2024-03-01T08:55:05.093Z [info]: Incoming PUT : /tickets/b62e539c-7c37-4dce-b70d-c6ba0a7885a1
2024-03-01T08:55:22.107Z [info]: Incoming PUT : /tickets/b62e539c-7c37-4dce-b70d-c6ba0a7885a1
2024-03-01T08:58:34.669Z [info]: Incoming PUT : /tickets/b62e539c-7c37-4dce-b70d-c6ba0a7885a1
2024-03-01T09:06:27.810Z [info]: Incoming PUT : /tickets/b62e539c-7c37-4dce-b70d-c6ba0a7885a1
2024-03-01T09:06:35.364Z [info]: Incoming POST : /account/login
2024-03-01T09:06:55.210Z [info]: Incoming PUT : /tickets/b62e539c-7c37-4dce-b70d-c6ba0a7885a1
2024-03-01T09:08:08.301Z [info]: Incoming PUT : /tickets/b62e539c-7c37-4dce-b70d-c6ba0a7885a1
2024-03-01T09:08:34.783Z [info]: Incoming PUT : /tickets/b62e539c-7c37-4dce-b70d-c6ba0a7885a1
2024-03-01T09:18:48.310Z [info]: Incoming POST : /account/login
2024-03-01T09:18:58.188Z [info]: Incoming PUT : /tickets/b62e539c-7c37-4dce-b70d-c6ba0a7885a1
2024-03-01T09:19:58.190Z [info]: Incoming PUT : /tickets/b62e539c-7c37-4dce-b70d-c6ba0a7885a1
2024-03-01T09:20:34.285Z [info]: Incoming PUT : /tickets/b62e539c-7c37-4dce-b70d-c6ba0a7885a1
2024-03-01T09:23:13.445Z [info]: Incoming PUT : /tickets/b62e539c-7c37-4dce-b70d-c6ba0a7885a1
2024-03-01T09:23:13.829Z [error]: Invalid UpdateExpression: Attribute name is a reserved keyword; reserved keyword: status
2024-03-01T09:23:52.967Z [info]: Incoming PUT : /tickets/b62e539c-7c37-4dce-b70d-c6ba0a7885a1
2024-03-01T09:23:53.074Z [error]: Invalid UpdateExpression: Attribute name is a reserved keyword; reserved keyword: status
2024-03-01T09:24:00.974Z [info]: Incoming PUT : /tickets/b62e539c-7c37-4dce-b70d-c6ba0a7885a1
2024-03-01T09:24:01.353Z [error]: Invalid UpdateExpression: Attribute name is a reserved keyword; reserved keyword: status
2024-03-01T09:24:54.925Z [info]: Incoming PUT : /tickets/b62e539c-7c37-4dce-b70d-c6ba0a7885a1
2024-03-01T09:30:47.126Z [info]: Incoming PUT : /tickets/b62e539c-7c37-4dce-b70d-c6ba0a7885a1
2024-03-01T09:30:47.625Z [error]: Invalid UpdateExpression: Attribute name is a reserved keyword; reserved keyword: status
2024-03-01T09:31:25.075Z [info]: Incoming PUT : /tickets/b62e539c-7c37-4dce-b70d-c6ba0a7885a1
2024-03-01T09:33:05.551Z [info]: Incoming PUT : /tickets/b62e539c-7c37-4dce-b70d-c6ba0a7885a1
2024-03-01T09:33:48.365Z [info]: Incoming PUT : /tickets/b62e539c-7c37-4dce-b70d-c6ba0a7885a1
2024-03-01T09:33:55.784Z [info]: Incoming POST : /account/login
2024-03-01T09:34:08.365Z [info]: Incoming PUT : /tickets/b62e539c-7c37-4dce-b70d-c6ba0a7885a1
2024-03-01T09:34:43.122Z [info]: Incoming PUT : /tickets/b62e539c-7c37-4dce-b70d-c6ba0a7885a1
2024-03-01T09:35:20.924Z [info]: Incoming PUT : /tickets/b62e539c-7c37-4dce-b70d-c6ba0a7885a1
2024-03-01T09:35:39.089Z [info]: Incoming PUT : /tickets/b62e539c-7c37-4dce-b70d-c6ba0a7885a1
2024-03-01T09:35:58.847Z [info]: Incoming PUT : /tickets/b62e539c-7c37-4dce-b70d-c6ba0a7885a1
2024-03-01T09:35:59.259Z [error]: Invalid UpdateExpression: Attribute name is a reserved keyword; reserved keyword: status
2024-03-01T09:39:26.938Z [info]: Incoming PUT : /tickets/b62e539c-7c37-4dce-b70d-c6ba0a7885a1
2024-03-01T09:39:27.328Z [error]: Invalid UpdateExpression: Attribute name is a reserved keyword; reserved keyword: status
2024-03-01T09:39:44.815Z [info]: Incoming PUT : /tickets/b62e539c-7c37-4dce-b70d-c6ba0a7885a1
2024-03-01T09:39:45.195Z [error]: Invalid UpdateExpression: Attribute name is a reserved keyword; reserved keyword: status
2024-03-01T09:43:43.215Z [info]: Incoming PUT : /tickets/b62e539c-7c37-4dce-b70d-c6ba0a7885a1
2024-03-01T09:43:43.618Z [error]: Value provided in ExpressionAttributeNames unused in expressions: keys: {#ticketStatus}
2024-03-01T09:44:43.742Z [info]: Incoming PUT : /tickets/b62e539c-7c37-4dce-b70d-c6ba0a7885a1
2024-03-01T09:44:44.126Z [error]: Invalid UpdateExpression: Attribute name is a reserved keyword; reserved keyword: status
2024-03-01T09:45:09.960Z [info]: Incoming PUT : /tickets/b62e539c-7c37-4dce-b70d-c6ba0a7885a1
2024-03-01T09:45:10.340Z [error]: Value provided in ExpressionAttributeNames unused in expressions: keys: {#ticketStatus}
2024-03-01T09:45:37.648Z [info]: Incoming PUT : /tickets/b62e539c-7c37-4dce-b70d-c6ba0a7885a1
2024-03-01T09:46:47.699Z [info]: Incoming PUT : /tickets/b62e539c-7c37-4dce-b70d-c6ba0a7885a1
2024-03-01T09:50:53.342Z [info]: Incoming PUT : /tickets/b62e539c-7c37-4dce-b70d-c6ba0a7885a1
2024-03-01T09:50:58.367Z [info]: Incoming POST : /account/login
2024-03-01T09:51:09.727Z [info]: Incoming PUT : /tickets/b62e539c-7c37-4dce-b70d-c6ba0a7885a1
2024-03-01T09:51:34.960Z [info]: Incoming PUT : /tickets/b62e539c-7c37-4dce-b70d-c6ba0a7885a1
2024-03-01T09:51:46.057Z [info]: Incoming PUT : /tickets/b62e539c-7c37-4dce-b70d-c6ba0a7885a1
2024-03-01T09:52:19.423Z [info]: Incoming PUT : /tickets/b62e539c-7c37-4dce-b70d-c6ba0a7885a1
2024-03-01T09:52:42.233Z [info]: Incoming PUT : /tickets/b62e539c-7c37-4dce-b70d-c6ba0a7885a1
2024-03-01T09:53:32.011Z [info]: Incoming PUT : /tickets/b62e539c-7c37-4dce-b70d-c6ba0a7885a1
2024-03-01T09:54:10.337Z [info]: Incoming PUT : /tickets/b62e539c-7c37-4dce-b70d-c6ba0a7885a1
2024-03-01T09:54:32.372Z [info]: Incoming PUT : /tickets/b62e539c-7c37-4dce-b70d-c6ba0a7885a1
2024-03-01T09:55:29.373Z [info]: Incoming PUT : /tickets/b62e539c-7c37-4dce-b70d-c6ba0a7885a1
2024-03-01T09:56:12.510Z [info]: Incoming PUT : /tickets/b62e539c-7c37-4dce-b70d-c6ba0a7885a1
2024-03-01T09:57:02.512Z [info]: Incoming PUT : /tickets/b62e539c-7c37-4dce-b70d-c6ba0a7885a1
2024-03-01T09:57:23.419Z [info]: Incoming PUT : /tickets/b62e539c-7c37-4dce-b70d-c6ba0a7885a1
2024-03-01T09:57:51.061Z [info]: Incoming PUT : /tickets/b62e539c-7c37-4dce-b70d-c6ba0a7885a1
2024-03-01T09:58:24.111Z [info]: Incoming PUT : /tickets/b62e539c-7c37-4dce-b70d-c6ba0a7885a1
2024-03-01T09:58:52.552Z [info]: Incoming PUT : /tickets/b62e539c-7c37-4dce-b70d-c6ba0a7885a1
2024-03-01T10:01:08.084Z [info]: Incoming PUT : /tickets/b62e539c-7c37-4dce-b70d-c6ba0a7885a1
2024-03-01T10:17:40.586Z [info]: Incoming GET : /tickets?status=pending
2024-03-01T10:17:44.033Z [info]: Incoming POST : /account/login
2024-03-01T10:18:00.368Z [info]: Incoming GET : /tickets?status=pending
2024-03-01T10:18:19.278Z [info]: Incoming GET : /tickets?status=pending
2024-03-01T10:18:42.822Z [info]: Incoming GET : /tickets?status=pending
2024-03-01T10:20:01.461Z [info]: Incoming GET : /tickets?status=pending
2024-03-01T10:21:05.108Z [info]: Incoming GET : /tickets?status=pending
2024-03-01T10:21:05.496Z [error]: Invalid condition in KeyConditionExpression: Multiple attribute names used in one condition
2024-03-01T10:21:34.819Z [info]: Incoming GET : /tickets?status=pending
2024-03-01T10:21:35.225Z [error]: Invalid KeyConditionExpression: Syntax error; token: "'", near: "= 'pending"
2024-03-01T10:23:23.873Z [info]: Incoming GET : /tickets?status=pending
2024-03-01T10:23:24.255Z [error]: Query condition missed key schema element: ticket_id
2024-03-01T10:33:09.396Z [info]: Incoming GET : /tickets?status=pending
2024-03-01T10:33:13.174Z [info]: Incoming POST : /account/login
2024-03-01T10:33:23.931Z [info]: Incoming GET : /tickets?status=pending
2024-03-01T10:36:15.438Z [info]: Incoming GET : /tickets?status=pending
2024-03-01T10:36:15.930Z [error]: ExpressionAttributeValues contains invalid key: Syntax error; key: "#ticketStatus"
2024-03-01T10:36:39.004Z [info]: Incoming GET : /tickets?status=pending
2024-03-01T10:38:15.131Z [info]: Incoming GET : /tickets?status=pending
2024-03-01T10:38:15.623Z [error]: Invalid FilterExpression: Syntax error; token: "<EOF>", near: "pending"
2024-03-01T10:38:41.608Z [info]: Incoming GET : /tickets?status=pending
2024-03-01T10:38:41.993Z [error]: Invalid FilterExpression: Syntax error; token: "<EOF>", near: "pending"
2024-03-01T10:39:51.274Z [info]: Incoming GET : /tickets?status=pending
2024-03-01T10:40:11.416Z [info]: Incoming GET : /tickets?status=pending
2024-03-01T10:41:43.697Z [info]: Incoming GET : /tickets?status=pending
2024-03-01T10:42:32.198Z [info]: Incoming GET : /tickets?status=pending
2024-03-01T10:48:14.608Z [info]: Incoming GET : /tickets?status=pending
2024-03-01T10:48:18.231Z [info]: Incoming POST : /account/login
2024-03-01T10:48:27.161Z [info]: Incoming GET : /tickets?status=pending
2024-03-01T10:50:42.586Z [info]: Incoming POST : /tickets
2024-03-01T10:50:48.985Z [info]: Incoming POST : /tickets
2024-03-01T10:51:18.903Z [info]: Incoming POST : /tickets
2024-03-01T11:02:50.625Z [info]: Incoming PUT : /tickets/b62e539c-7c37-4dce-b70d-c6ba0a7885a1
2024-03-01T11:02:55.479Z [info]: Incoming POST : /account/login
2024-03-01T11:03:06.165Z [info]: Incoming PUT : /tickets/b62e539c-7c37-4dce-b70d-c6ba0a7885a1
2024-03-01T11:05:01.404Z [info]: Incoming PUT : /tickets/b62e539c-7c37-4dce-b70d-c6ba0a7885a1
2024-03-01T11:05:16.468Z [info]: Incoming PUT : /tickets/b62e539c-7c37-4dce-b70d-c6ba0a7885a1
2024-03-01T11:06:35.062Z [info]: Incoming PUT : /tickets/b62e539c-7c37-4dce-b70d-c6ba0a7885a1
2024-03-01T11:07:34.426Z [info]: Incoming PUT : /tickets/b62e539c-7c37-4dce-b70d-c6ba0a7885a1
2024-03-01T11:08:48.186Z [info]: Incoming PUT : /tickets/b62e539c-7c37-4dce-b70d-c6ba0a7885a1
2024-03-01T11:09:06.800Z [info]: Incoming PUT : /tickets/b62e539c-7c37-4dce-b70d-c6ba0a7885a1
2024-03-01T11:09:19.989Z [info]: Incoming PUT : /tickets/b62e539c-7c37-4dce-b70d-c6ba0a7885a1
2024-03-01T11:10:23.224Z [info]: Incoming PUT : /tickets/b62e539c-7c37-4dce-b70d-c6ba0a7885a1
2024-03-01T11:12:56.212Z [info]: Incoming PUT : /tickets/b62e539c-7c37-4dce-b70d-c6ba0a7885a1
2024-03-01T11:13:27.846Z [info]: Incoming GET : /tickets?status=pending
2024-03-01T11:13:43.815Z [info]: Incoming GET : /tickets?status=pending
2024-03-01T11:13:56.862Z [info]: Incoming PUT : /tickets/13874cfd-1ce1-4365-9bcf-0fd24eb03aa0
2024-03-01T11:14:46.300Z [info]: Incoming POST : /account/register
2024-03-01T11:15:01.080Z [info]: Incoming POST : /account/login
2024-03-01T11:15:16.860Z [info]: Incoming PUT : /tickets/b62e539c-7c37-4dce-b70d-c6ba0a7885a1
2024-03-01T11:15:27.463Z [info]: Incoming PUT : /tickets/b62e539c-7c37-4dce-b70d-c6ba0a7885a1
2024-03-01T11:15:47.436Z [info]: Incoming GET : /tickets?status=pending
2024-03-01T11:16:12.244Z [info]: Incoming PUT : /tickets/99fa8286-7ce7-45ce-ad89-7849f6da5ada
2024-03-01T11:16:24.017Z [info]: Incoming PUT : /tickets/99fa8286-7ce7-45ce-ad89-7849f6da5ada
2024-03-01T11:31:26.465Z [info]: Incoming POST : /account/login
2024-03-01T11:31:38.721Z [info]: Incoming GET : /tickets/mytickets
2024-03-01T11:31:39.060Z [error]: ExpressionAttributeValues must not be empty
2024-03-01T11:32:33.402Z [info]: Incoming GET : /tickets/mytickets
2024-03-01T11:33:31.186Z [info]: Incoming GET : /tickets/mytickets
2024-03-01T11:34:19.796Z [info]: Incoming GET : /tickets/mytickets
2024-03-01T11:34:39.450Z [info]: Incoming GET : /tickets/mytickets
2024-03-01T11:35:42.526Z [info]: Incoming GET : /tickets/mytickets
2024-03-01T11:36:25.235Z [info]: Incoming POST : /account/login
2024-03-01T11:36:32.227Z [info]: Incoming GET : /tickets/mytickets
2024-03-01T11:36:52.812Z [info]: Incoming GET : /tickets/mytickets
2024-03-01T11:38:00.954Z [info]: Incoming POST : /tickets
2024-03-01T11:38:05.902Z [info]: Incoming GET : /tickets/mytickets
2024-03-01T11:38:31.932Z [info]: Incoming GET : /tickets/mytickets
2024-03-01T11:39:30.984Z [info]: Incoming GET : /tickets?status=pending
2024-03-01T11:39:46.889Z [info]: Incoming GET : /tickets?status=pending
